Using pre-set license
Built from '2020.2/release' branch; Version is '2020.2.2f1 (068178b99f32) revision 426360'; Using compiler version '192528614'; Build Type 'Release'
OS: 'Windows 10 Pro; OS build 19042.1288; Version 2009; 64bit' Language: 'en' Physical Memory: 16187 MB
BatchMode: 1, IsHumanControllingUs: 0, StartBugReporterOnCrash: 0, Is64bit: 1, IsPro: 0

 COMMAND LINE ARGUMENTS:
C:\Program Files\Unity\Hub\Editor\2020.2.2f1\Editor\Unity.exe
-adb2
-batchMode
-noUpm
-name
AssetImportWorker0
-projectPath
C:/Users/timhe/Desktop/Work and stuff/TAFE/TAFE Git/TAFE-Stirling-2/Star-Gunner
-logFile
Logs/AssetImportWorker0.log
-srvPort
51642
Successfully changed project path to: C:/Users/timhe/Desktop/Work and stuff/TAFE/TAFE Git/TAFE-Stirling-2/Star-Gunner
C:/Users/timhe/Desktop/Work and stuff/TAFE/TAFE Git/TAFE-Stirling-2/Star-Gunner
Using Asset Import Pipeline V2.
Refreshing native plugins compatible for Editor in 27.20 ms, found 0 plugins.
Preloading 0 native plugins for Editor in 0.00 ms.
Initialize engine version: 2020.2.2f1 (068178b99f32)
[Subsystems] Discovering subsystems at path C:/Program Files/Unity/Hub/Editor/2020.2.2f1/Editor/Data/Resources/UnitySubsystems
[Subsystems] Discovering subsystems at path C:/Users/timhe/Desktop/Work and stuff/TAFE/TAFE Git/TAFE-Stirling-2/Star-Gunner/Assets
GfxDevice: creating device client; threaded=0
Direct3D:
    Version:  Direct3D 11.0 [level 11.1]
    Renderer: NVIDIA GeForce GTX 1660 Ti (ID=0x2191)
    Vendor:   
    VRAM:     5991 MB
    Driver:   27.21.14.6230
Initialize mono
Mono path[0] = 'C:/Program Files/Unity/Hub/Editor/2020.2.2f1/Editor/Data/Managed'
Mono path[1] = 'C:/Program Files/Unity/Hub/Editor/2020.2.2f1/Editor/Data/MonoBleedingEdge/lib/mono/unityjit'
Mono config path = 'C:/Program Files/Unity/Hub/Editor/2020.2.2f1/Editor/Data/MonoBleedingEdge/etc'
Using monoOptions --debugger-agent=transport=dt_socket,embedding=1,server=y,suspend=n,address=127.0.0.1:56432
Begin MonoManager ReloadAssembly
Registering precompiled unity dll's ...
Register platform support module: C:/Program Files/Unity/Hub/Editor/2020.2.2f1/Editor/Data/PlaybackEngines/WindowsStandaloneSupport/UnityEditor.WindowsStandalone.Extensions.dll
Registered in 0.001832 seconds.
Native extension for WindowsStandalone target not found
Refreshing native plugins compatible for Editor in 22.48 ms, found 0 plugins.
Preloading 0 native plugins for Editor in 0.00 ms.
Invoked RoslynAnalysisRunner static constructor.
RoslynAnalysisRunner will not be running.
RoslynAnalysisRunner has terminated.
Mono: successfully reloaded assembly
- Completed reload, in  1.075 seconds
Platform modules already initialized, skipping
Registering precompiled user dll's ...
Registered in 0.000838 seconds.
Begin MonoManager ReloadAssembly
Native extension for WindowsStandalone target not found
Refreshing native plugins compatible for Editor in 0.18 ms, found 0 plugins.
Preloading 0 native plugins for Editor in 0.00 ms.
Invoked RoslynAnalysisRunner static constructor.
RoslynAnalysisRunner will not be running.
RoslynAnalysisRunner has terminated.
Mono: successfully reloaded assembly
- Completed reload, in  0.817 seconds
Platform modules already initialized, skipping
========================================================================
Worker process is ready to serve import requests
Launched and connected shader compiler UnityShaderCompiler.exe after 0.05 seconds
Refreshing native plugins compatible for Editor in 0.22 ms, found 0 plugins.
Preloading 0 native plugins for Editor in 0.00 ms.
Unloading 1111 Unused Serialized files (Serialized files now loaded: 0)
System memory in use before: 58.6 MB.
System memory in use after: 58.7 MB.

Unloading 10 unused Assets to reduce memory usage. Loaded Objects now: 1554.
Total: 1.835600 ms (FindLiveObjects: 0.225300 ms CreateObjectMapping: 0.083200 ms MarkObjects: 1.445200 ms  DeleteObjects: 0.080700 ms)

========================================================================
Received Import Request.
  path: Assets/Scripts/OptionScript.cs
  artifactKey: Guid(c9b6103fa04e3d14ca9a76d275c5e3dd) Importer(815301076,1909f56bfc062723c751e8b465ee728b)
Start importing Assets/Scripts/OptionScript.cs using Guid(c9b6103fa04e3d14ca9a76d275c5e3dd) Importer(815301076,1909f56bfc062723c751e8b465ee728b)  -> (artifact id: '0a5ff3adf9e4fb42cab477ff470ac71d') in 0.045876 seconds
  Import took 0.048318 seconds .

========================================================================
Received Import Request.
  Time since last request: 56.833282 seconds.
  path: Assets/Scripts/OptionScript.cs
  artifactKey: Guid(c9b6103fa04e3d14ca9a76d275c5e3dd) Importer(815301076,1909f56bfc062723c751e8b465ee728b)
Start importing Assets/Scripts/OptionScript.cs using Guid(c9b6103fa04e3d14ca9a76d275c5e3dd) Importer(815301076,1909f56bfc062723c751e8b465ee728b)  -> (artifact id: 'fb77b9a9a6139c1be7d6b97c049a62bf') in 0.004078 seconds
  Import took 0.005791 seconds .

========================================================================
Received Prepare
Registering precompiled user dll's ...
Registered in 0.000562 seconds.
Begin MonoManager ReloadAssembly
Native extension for WindowsStandalone target not found
Refreshing native plugins compatible for Editor in 0.19 ms, found 0 plugins.
Preloading 0 native plugins for Editor in 0.00 ms.
Invoked RoslynAnalysisRunner static constructor.
RoslynAnalysisRunner will not be running.
RoslynAnalysisRunner has terminated.
Mono: successfully reloaded assembly
- Completed reload, in  0.714 seconds
Platform modules already initialized, skipping
Refreshing native plugins compatible for Editor in 0.25 ms, found 0 plugins.
Preloading 0 native plugins for Editor in 0.00 ms.
Unloading 1106 Unused Serialized files (Serialized files now loaded: 0)
System memory in use before: 59.0 MB.
System memory in use after: 59.1 MB.

Unloading 5 unused Assets to reduce memory usage. Loaded Objects now: 1556.
Total: 2.098200 ms (FindLiveObjects: 0.193700 ms CreateObjectMapping: 0.051400 ms MarkObjects: 1.786800 ms  DeleteObjects: 0.064900 ms)

========================================================================
Received Prepare
Registering precompiled user dll's ...
Registered in 0.000730 seconds.
Begin MonoManager ReloadAssembly
Native extension for WindowsStandalone target not found
Refreshing native plugins compatible for Editor in 0.20 ms, found 0 plugins.
Preloading 0 native plugins for Editor in 0.00 ms.
Invoked RoslynAnalysisRunner static constructor.
RoslynAnalysisRunner will not be running.
RoslynAnalysisRunner has terminated.
Mono: successfully reloaded assembly
- Completed reload, in  0.722 seconds
Platform modules already initialized, skipping
Refreshing native plugins compatible for Editor in 0.20 ms, found 0 plugins.
Preloading 0 native plugins for Editor in 0.00 ms.
Unloading 1106 Unused Serialized files (Serialized files now loaded: 0)
System memory in use before: 59.7 MB.
System memory in use after: 59.7 MB.

Unloading 5 unused Assets to reduce memory usage. Loaded Objects now: 1558.
Total: 1.694900 ms (FindLiveObjects: 0.205300 ms CreateObjectMapping: 0.055800 ms MarkObjects: 1.373600 ms  DeleteObjects: 0.058900 ms)

========================================================================
Received Prepare
Registering precompiled user dll's ...
Registered in 0.000599 seconds.
Begin MonoManager ReloadAssembly
Native extension for WindowsStandalone target not found
Refreshing native plugins compatible for Editor in 0.19 ms, found 0 plugins.
Preloading 0 native plugins for Editor in 0.00 ms.
Invoked RoslynAnalysisRunner static constructor.
RoslynAnalysisRunner will not be running.
RoslynAnalysisRunner has terminated.
Mono: successfully reloaded assembly
- Completed reload, in  0.734 seconds
Platform modules already initialized, skipping
Refreshing native plugins compatible for Editor in 0.30 ms, found 0 plugins.
Preloading 0 native plugins for Editor in 0.00 ms.
Unloading 1106 Unused Serialized files (Serialized files now loaded: 0)
System memory in use before: 60.0 MB.
System memory in use after: 60.1 MB.

Unloading 5 unused Assets to reduce memory usage. Loaded Objects now: 1560.
Total: 1.916500 ms (FindLiveObjects: 0.179800 ms CreateObjectMapping: 0.052800 ms MarkObjects: 1.621000 ms  DeleteObjects: 0.061700 ms)

========================================================================
Received Prepare
Registering precompiled user dll's ...
Registered in 0.000631 seconds.
Begin MonoManager ReloadAssembly
Native extension for WindowsStandalone target not found
Refreshing native plugins compatible for Editor in 0.18 ms, found 0 plugins.
Preloading 0 native plugins for Editor in 0.00 ms.
Invoked RoslynAnalysisRunner static constructor.
RoslynAnalysisRunner will not be running.
RoslynAnalysisRunner has terminated.
Mono: successfully reloaded assembly
- Completed reload, in  0.696 seconds
Platform modules already initialized, skipping
Refreshing native plugins compatible for Editor in 0.25 ms, found 0 plugins.
Preloading 0 native plugins for Editor in 0.00 ms.
Unloading 1106 Unused Serialized files (Serialized files now loaded: 0)
System memory in use before: 59.8 MB.
System memory in use after: 59.8 MB.

Unloading 5 unused Assets to reduce memory usage. Loaded Objects now: 1562.
Total: 3.286100 ms (FindLiveObjects: 0.599700 ms CreateObjectMapping: 0.086300 ms MarkObjects: 2.518200 ms  DeleteObjects: 0.078100 ms)

========================================================================
Received Prepare
Registering precompiled user dll's ...
Registered in 0.000659 seconds.
Begin MonoManager ReloadAssembly
Native extension for WindowsStandalone target not found
Refreshing native plugins compatible for Editor in 0.19 ms, found 0 plugins.
Preloading 0 native plugins for Editor in 0.00 ms.
Invoked RoslynAnalysisRunner static constructor.
RoslynAnalysisRunner will not be running.
RoslynAnalysisRunner has terminated.
Mono: successfully reloaded assembly
- Completed reload, in  0.762 seconds
Platform modules already initialized, skipping
Refreshing native plugins compatible for Editor in 0.19 ms, found 0 plugins.
Preloading 0 native plugins for Editor in 0.00 ms.
Unloading 1106 Unused Serialized files (Serialized files now loaded: 0)
System memory in use before: 60.0 MB.
System memory in use after: 60.1 MB.

Unloading 5 unused Assets to reduce memory usage. Loaded Objects now: 1564.
Total: 2.213100 ms (FindLiveObjects: 0.186500 ms CreateObjectMapping: 0.058500 ms MarkObjects: 1.896800 ms  DeleteObjects: 0.069500 ms)

========================================================================
Received Prepare
Registering precompiled user dll's ...
Registered in 0.000730 seconds.
Begin MonoManager ReloadAssembly
Native extension for WindowsStandalone target not found
Refreshing native plugins compatible for Editor in 0.20 ms, found 0 plugins.
Preloading 0 native plugins for Editor in 0.00 ms.
Invoked RoslynAnalysisRunner static constructor.
RoslynAnalysisRunner will not be running.
RoslynAnalysisRunner has terminated.
Mono: successfully reloaded assembly
- Completed reload, in  0.724 seconds
Platform modules already initialized, skipping
Refreshing native plugins compatible for Editor in 0.29 ms, found 0 plugins.
Preloading 0 native plugins for Editor in 0.00 ms.
Unloading 1106 Unused Serialized files (Serialized files now loaded: 0)
System memory in use before: 59.9 MB.
System memory in use after: 59.9 MB.

Unloading 5 unused Assets to reduce memory usage. Loaded Objects now: 1566.
Total: 1.693300 ms (FindLiveObjects: 0.195100 ms CreateObjectMapping: 0.034200 ms MarkObjects: 1.405000 ms  DeleteObjects: 0.057500 ms)

========================================================================
Received Import Request.
  Time since last request: 2709.291929 seconds.
  path: Assets/Scenes/Game.unity
  artifactKey: Guid(9fc0d4010bbf28b4594072e72b8655ab) Importer(815301076,1909f56bfc062723c751e8b465ee728b)
Start importing Assets/Scenes/Game.unity using Guid(9fc0d4010bbf28b4594072e72b8655ab) Importer(815301076,1909f56bfc062723c751e8b465ee728b)  -> (artifact id: '703e835e71c0954ed359f9f7803f81db') in 0.023105 seconds
  Import took 0.029771 seconds .

========================================================================
Received Import Request.
  Time since last request: 278.919347 seconds.
  path: Assets/Assets/Art/Materials
  artifactKey: Guid(09c21784f2883e148b24ab410089a237) Importer(815301076,1909f56bfc062723c751e8b465ee728b)
Start importing Assets/Assets/Art/Materials using Guid(09c21784f2883e148b24ab410089a237) Importer(815301076,1909f56bfc062723c751e8b465ee728b)  -> (artifact id: 'e0430fbdf343e0f0a37f35970ac7334d') in 0.007664 seconds
  Import took 0.009901 seconds .

========================================================================
Received Import Request.
  Time since last request: 12.131891 seconds.
  path: Assets/Assets/Art/Materials/bullet trail.mat
  artifactKey: Guid(dc7b774a39754154aa260a0ddcc8e632) Importer(815301076,1909f56bfc062723c751e8b465ee728b)
Start importing Assets/Assets/Art/Materials/bullet trail.mat using Guid(dc7b774a39754154aa260a0ddcc8e632) Importer(815301076,1909f56bfc062723c751e8b465ee728b)  -> (artifact id: '5560c7140c899f8f42ab7e2643f349c6') in 0.094051 seconds
  Import took 0.096153 seconds .

========================================================================
Received Import Request.
  Time since last request: 72.502684 seconds.
  path: Assets/Assets/Art/Materials/bullet trail.mat
  artifactKey: Guid(dc7b774a39754154aa260a0ddcc8e632) Importer(815301076,1909f56bfc062723c751e8b465ee728b)
Start importing Assets/Assets/Art/Materials/bullet trail.mat using Guid(dc7b774a39754154aa260a0ddcc8e632) Importer(815301076,1909f56bfc062723c751e8b465ee728b)  -> (artifact id: 'febf668d7e1f803a5d375de88e0c326b') in 0.020664 seconds
  Import took 0.022790 seconds .

========================================================================
Received Prepare
Registering precompiled user dll's ...
Registered in 0.000693 seconds.
Begin MonoManager ReloadAssembly
Native extension for WindowsStandalone target not found
Refreshing native plugins compatible for Editor in 0.19 ms, found 0 plugins.
Preloading 0 native plugins for Editor in 0.00 ms.
Invoked RoslynAnalysisRunner static constructor.
RoslynAnalysisRunner will not be running.
RoslynAnalysisRunner has terminated.
Mono: successfully reloaded assembly
- Completed reload, in  0.791 seconds
Platform modules already initialized, skipping
Refreshing native plugins compatible for Editor in 0.19 ms, found 0 plugins.
Preloading 0 native plugins for Editor in 0.00 ms.
Unloading 1106 Unused Serialized files (Serialized files now loaded: 0)
System memory in use before: 63.5 MB.
System memory in use after: 63.6 MB.

Unloading 5 unused Assets to reduce memory usage. Loaded Objects now: 1609.
Total: 1.512700 ms (FindLiveObjects: 0.174000 ms CreateObjectMapping: 0.034500 ms MarkObjects: 1.235000 ms  DeleteObjects: 0.068100 ms)

========================================================================
Received Prepare
Registering precompiled user dll's ...
Registered in 0.000661 seconds.
Begin MonoManager ReloadAssembly
Native extension for WindowsStandalone target not found
Refreshing native plugins compatible for Editor in 0.21 ms, found 0 plugins.
Preloading 0 native plugins for Editor in 0.00 ms.
[ScriptCompilation] NOT recompiling all scripts because this is an import worker process. Reason to compile was: Define symbols changed
Invoked RoslynAnalysisRunner static constructor.
RoslynAnalysisRunner will not be running.
RoslynAnalysisRunner has terminated.
Mono: successfully reloaded assembly
- Completed reload, in  1.509 seconds
Platform modules already initialized, skipping
Refreshing native plugins compatible for Editor in 0.23 ms, found 0 plugins.
Preloading 0 native plugins for Editor in 0.00 ms.
Unloading 1226 Unused Serialized files (Serialized files now loaded: 0)
System memory in use before: 70.2 MB.
System memory in use after: 68.6 MB.

Unloading 32 unused Assets to reduce memory usage. Loaded Objects now: 1704.
Total: 2.084900 ms (FindLiveObjects: 0.137500 ms CreateObjectMapping: 0.039300 ms MarkObjects: 1.296900 ms  DeleteObjects: 0.610100 ms)

========================================================================
Received Import Request.
  Time since last request: 399.328474 seconds.
  path: ProjectSettings/TagManager.asset
  artifactKey: Guid(00000000000000003000000000000000) Importer(815301076,1909f56bfc062723c751e8b465ee728b)
Start importing ProjectSettings/TagManager.asset using Guid(00000000000000003000000000000000) Importer(815301076,1909f56bfc062723c751e8b465ee728b)  -> (artifact id: 'c700a7590f5b7e6bb9c68a558c306ff1') in 0.017856 seconds
  Import took 0.019836 seconds .

========================================================================
Received Import Request.
  Time since last request: 35.382562 seconds.
  path: Assets/Assets/Art/Materials/bullet trail.mat
  artifactKey: Guid(dc7b774a39754154aa260a0ddcc8e632) Importer(815301076,1909f56bfc062723c751e8b465ee728b)
Start importing Assets/Assets/Art/Materials/bullet trail.mat using Guid(dc7b774a39754154aa260a0ddcc8e632) Importer(815301076,1909f56bfc062723c751e8b465ee728b)  -> (artifact id: 'a86ea64fb6d396f4b29b4cfadce4047d') in 0.053994 seconds
  Import took 0.056605 seconds .

========================================================================
Received Import Request.
  Time since last request: 0.000289 seconds.
  path: Assets/Assets/Art/Materials/bullet.mat
  artifactKey: Guid(262513bb0116a7e47af256ace7be9008) Importer(815301076,1909f56bfc062723c751e8b465ee728b)
Start importing Assets/Assets/Art/Materials/bullet.mat using Guid(262513bb0116a7e47af256ace7be9008) Importer(815301076,1909f56bfc062723c751e8b465ee728b)  -> (artifact id: '8cb11aeee7589c7794a37c2455e87fad') in 0.018216 seconds
  Import took 0.021674 seconds .

========================================================================
Received Prepare
Registering precompiled user dll's ...
Registered in 0.000713 seconds.
Begin MonoManager ReloadAssembly
Native extension for WindowsStandalone target not found
Refreshing native plugins compatible for Editor in 0.22 ms, found 0 plugins.
Preloading 0 native plugins for Editor in 0.00 ms.
Invoked RoslynAnalysisRunner static constructor.
RoslynAnalysisRunner will not be running.
RoslynAnalysisRunner has terminated.
Mono: successfully reloaded assembly
- Completed reload, in  0.690 seconds
Platform modules already initialized, skipping
Refreshing native plugins compatible for Editor in 0.22 ms, found 0 plugins.
Preloading 0 native plugins for Editor in 0.00 ms.
Unloading 1226 Unused Serialized files (Serialized files now loaded: 0)
System memory in use before: 70.3 MB.
System memory in use after: 68.7 MB.

Unloading 33 unused Assets to reduce memory usage. Loaded Objects now: 1707.
Total: 2.400200 ms (FindLiveObjects: 0.207000 ms CreateObjectMapping: 0.071100 ms MarkObjects: 1.460300 ms  DeleteObjects: 0.660500 ms)

========================================================================
Received Import Request.
  Time since last request: 150.783861 seconds.
  path: Assets/Assets/Art/Materials/bullet trail.mat
  artifactKey: Guid(dc7b774a39754154aa260a0ddcc8e632) Importer(815301076,1909f56bfc062723c751e8b465ee728b)
Start importing Assets/Assets/Art/Materials/bullet trail.mat using Guid(dc7b774a39754154aa260a0ddcc8e632) Importer(815301076,1909f56bfc062723c751e8b465ee728b)  -> (artifact id: 'b8263fe759d27401907c50e10697e212') in 0.054729 seconds
  Import took 0.057480 seconds .

========================================================================
Received Prepare
Registering precompiled user dll's ...
Registered in 0.000696 seconds.
Begin MonoManager ReloadAssembly
Native extension for WindowsStandalone target not found
Refreshing native plugins compatible for Editor in 0.21 ms, found 0 plugins.
Preloading 0 native plugins for Editor in 0.00 ms.
Invoked RoslynAnalysisRunner static constructor.
RoslynAnalysisRunner will not be running.
RoslynAnalysisRunner has terminated.
Mono: successfully reloaded assembly
- Completed reload, in  0.716 seconds
Platform modules already initialized, skipping
Refreshing native plugins compatible for Editor in 0.71 ms, found 0 plugins.
Preloading 0 native plugins for Editor in 0.00 ms.
Unloading 1226 Unused Serialized files (Serialized files now loaded: 0)
System memory in use before: 70.3 MB.
System memory in use after: 68.7 MB.

Unloading 32 unused Assets to reduce memory usage. Loaded Objects now: 1710.
Total: 2.250900 ms (FindLiveObjects: 0.185900 ms CreateObjectMapping: 0.083800 ms MarkObjects: 1.379700 ms  DeleteObjects: 0.600000 ms)

========================================================================
Received Import Request.
  Time since last request: 805.703804 seconds.
  path: Assets/Assets/Art/Materials/Ship Part.mat
  artifactKey: Guid(f501d192ab6d2a043b074a3539b3b857) Importer(815301076,1909f56bfc062723c751e8b465ee728b)
Start importing Assets/Assets/Art/Materials/Ship Part.mat using Guid(f501d192ab6d2a043b074a3539b3b857) Importer(815301076,1909f56bfc062723c751e8b465ee728b)  -> (artifact id: '20f31816594f6855d81cdc02b6e04075') in 0.058403 seconds
  Import took 0.060458 seconds .

========================================================================
Received Prepare
Registering precompiled user dll's ...
Registered in 0.000697 seconds.
Begin MonoManager ReloadAssembly
Native extension for WindowsStandalone target not found
Refreshing native plugins compatible for Editor in 0.22 ms, found 0 plugins.
Preloading 0 native plugins for Editor in 0.00 ms.
Invoked RoslynAnalysisRunner static constructor.
RoslynAnalysisRunner will not be running.
RoslynAnalysisRunner has terminated.
Mono: successfully reloaded assembly
- Completed reload, in  0.669 seconds
Platform modules already initialized, skipping
Refreshing native plugins compatible for Editor in 0.45 ms, found 0 plugins.
Preloading 0 native plugins for Editor in 0.00 ms.
Unloading 1226 Unused Serialized files (Serialized files now loaded: 0)
System memory in use before: 69.9 MB.
System memory in use after: 68.3 MB.

Unloading 32 unused Assets to reduce memory usage. Loaded Objects now: 1713.
Total: 2.370300 ms (FindLiveObjects: 0.158600 ms CreateObjectMapping: 0.040300 ms MarkObjects: 1.488100 ms  DeleteObjects: 0.682200 ms)

========================================================================
Received Import Request.
  Time since last request: 229.070272 seconds.
  path: Assets/Assets/Art/Materials/Ship Part.mat
  artifactKey: Guid(f501d192ab6d2a043b074a3539b3b857) Importer(815301076,1909f56bfc062723c751e8b465ee728b)
Start importing Assets/Assets/Art/Materials/Ship Part.mat using Guid(f501d192ab6d2a043b074a3539b3b857) Importer(815301076,1909f56bfc062723c751e8b465ee728b)  -> (artifact id: 'df0d2a6eb1ea8c6eeb1fdccf48e57ad8') in 0.054609 seconds
  Import took 0.056915 seconds .

========================================================================
Received Import Request.
  Time since last request: 29.400836 seconds.
  path: Assets/Prefabs/Bullet.prefab
  artifactKey: Guid(4e3ccdccb98901142bc7bf068ef91a20) Importer(815301076,1909f56bfc062723c751e8b465ee728b)
Start importing Assets/Prefabs/Bullet.prefab using Guid(4e3ccdccb98901142bc7bf068ef91a20) Importer(815301076,1909f56bfc062723c751e8b465ee728b)  -> (artifact id: 'e511800ddaf632545a0f23ba58bbe6fa') in 0.032817 seconds
  Import took 0.034807 seconds .

========================================================================
Received Prepare
Registering precompiled user dll's ...
Registered in 0.000650 seconds.
Begin MonoManager ReloadAssembly
Native extension for WindowsStandalone target not found
Refreshing native plugins compatible for Editor in 0.21 ms, found 0 plugins.
Preloading 0 native plugins for Editor in 0.00 ms.
Invoked RoslynAnalysisRunner static constructor.
RoslynAnalysisRunner will not be running.
RoslynAnalysisRunner has terminated.
Mono: successfully reloaded assembly
- Completed reload, in  0.670 seconds
Platform modules already initialized, skipping
Refreshing native plugins compatible for Editor in 0.22 ms, found 0 plugins.
Preloading 0 native plugins for Editor in 0.00 ms.
Unloading 1226 Unused Serialized files (Serialized files now loaded: 0)
System memory in use before: 70.4 MB.
System memory in use after: 68.9 MB.

Unloading 33 unused Assets to reduce memory usage. Loaded Objects now: 1717.
Total: 2.341700 ms (FindLiveObjects: 0.249600 ms CreateObjectMapping: 0.054300 ms MarkObjects: 1.362700 ms  DeleteObjects: 0.670200 ms)

========================================================================
Received Import Request.
  Time since last request: 31.106871 seconds.
  path: Assets/Prefabs/Bullet.prefab
  artifactKey: Guid(4e3ccdccb98901142bc7bf068ef91a20) Importer(815301076,1909f56bfc062723c751e8b465ee728b)
Start importing Assets/Prefabs/Bullet.prefab using Guid(4e3ccdccb98901142bc7bf068ef91a20) Importer(815301076,1909f56bfc062723c751e8b465ee728b)  -> (artifact id: '62d7d99bad66ce52f5dc4e015ca08646') in 0.055403 seconds
  Import took 0.057696 seconds .

========================================================================
Received Import Request.
  Time since last request: 12.171102 seconds.
  path: Assets/Scenes/Game_Profiles
  artifactKey: Guid(9f642d3134fa1af48bd4eb793968d2bd) Importer(815301076,1909f56bfc062723c751e8b465ee728b)
Start importing Assets/Scenes/Game_Profiles using Guid(9f642d3134fa1af48bd4eb793968d2bd) Importer(815301076,1909f56bfc062723c751e8b465ee728b)  -> (artifact id: '2618dfa0b3bd3d9387f2881be8aeaff3') in 0.011048 seconds
  Import took 0.013633 seconds .

========================================================================
Received Import Request.
  Time since last request: 1.185093 seconds.
  path: Assets/Scenes/Game_Profiles/FX Profile.asset
  artifactKey: Guid(fb4fdc13ea3b153428366ea800b19e65) Importer(815301076,1909f56bfc062723c751e8b465ee728b)
Start importing Assets/Scenes/Game_Profiles/FX Profile.asset using Guid(fb4fdc13ea3b153428366ea800b19e65) Importer(815301076,1909f56bfc062723c751e8b465ee728b)  -> (artifact id: '8e60938c05cc88f95d275084e6073d2d') in 0.024943 seconds
  Import took 0.027207 seconds .

========================================================================
Received Import Request.
  Time since last request: 2.741196 seconds.
  path: Assets/Scenes/Main Menu.unity
  artifactKey: Guid(54918f412e7128e4baf7a3958ab40bd1) Importer(815301076,1909f56bfc062723c751e8b465ee728b)
Start importing Assets/Scenes/Main Menu.unity using Guid(54918f412e7128e4baf7a3958ab40bd1) Importer(815301076,1909f56bfc062723c751e8b465ee728b)  -> (artifact id: '70ea87f91e143c7df5cf0f1db4549d33') in 0.010357 seconds
  Import took 0.013943 seconds .

========================================================================
Received Import Request.
  Time since last request: 58.350645 seconds.
  path: Assets/Scenes/Game.unity
  artifactKey: Guid(9fc0d4010bbf28b4594072e72b8655ab) Importer(815301076,1909f56bfc062723c751e8b465ee728b)
Start importing Assets/Scenes/Game.unity using Guid(9fc0d4010bbf28b4594072e72b8655ab) Importer(815301076,1909f56bfc062723c751e8b465ee728b)  -> (artifact id: '45ea76d73e1d0810ca9da8226d584001') in 0.007196 seconds
  Import took 0.009378 seconds .

========================================================================
Received Prepare
Registering precompiled user dll's ...
Registered in 0.000755 seconds.
Begin MonoManager ReloadAssembly
Native extension for WindowsStandalone target not found
Refreshing native plugins compatible for Editor in 0.23 ms, found 0 plugins.
Preloading 0 native plugins for Editor in 0.00 ms.
Invoked RoslynAnalysisRunner static constructor.
RoslynAnalysisRunner will not be running.
RoslynAnalysisRunner has terminated.
Mono: successfully reloaded assembly
- Completed reload, in  0.675 seconds
Platform modules already initialized, skipping
Refreshing native plugins compatible for Editor in 0.40 ms, found 0 plugins.
Preloading 0 native plugins for Editor in 0.00 ms.
Unloading 1226 Unused Serialized files (Serialized files now loaded: 0)
System memory in use before: 70.1 MB.
System memory in use after: 68.6 MB.

Unloading 32 unused Assets to reduce memory usage. Loaded Objects now: 1720.
Total: 3.010500 ms (FindLiveObjects: 0.337900 ms CreateObjectMapping: 0.076400 ms MarkObjects: 1.967700 ms  DeleteObjects: 0.627100 ms)

========================================================================
Received Prepare
Registering precompiled user dll's ...
Registered in 0.000614 seconds.
Begin MonoManager ReloadAssembly
Native extension for WindowsStandalone target not found
Refreshing native plugins compatible for Editor in 0.20 ms, found 0 plugins.
Preloading 0 native plugins for Editor in 0.00 ms.
Invoked RoslynAnalysisRunner static constructor.
RoslynAnalysisRunner will not be running.
RoslynAnalysisRunner has terminated.
Mono: successfully reloaded assembly
- Completed reload, in  0.695 seconds
Platform modules already initialized, skipping
Refreshing native plugins compatible for Editor in 0.37 ms, found 0 plugins.
Preloading 0 native plugins for Editor in 0.00 ms.
Unloading 1226 Unused Serialized files (Serialized files now loaded: 0)
System memory in use before: 70.4 MB.
System memory in use after: 68.9 MB.

Unloading 32 unused Assets to reduce memory usage. Loaded Objects now: 1722.
Total: 3.187700 ms (FindLiveObjects: 0.244200 ms CreateObjectMapping: 0.110300 ms MarkObjects: 1.810700 ms  DeleteObjects: 1.020700 ms)

========================================================================
Received Import Request.
  Time since last request: 117.490294 seconds.
  path: Assets/Scenes/Game.unity
  artifactKey: Guid(9fc0d4010bbf28b4594072e72b8655ab) Importer(815301076,1909f56bfc062723c751e8b465ee728b)
Start importing Assets/Scenes/Game.unity using Guid(9fc0d4010bbf28b4594072e72b8655ab) Importer(815301076,1909f56bfc062723c751e8b465ee728b)  -> (artifact id: 'aac25b3756b3316c8e630bee2d77cb01') in 0.014364 seconds
  Import took 0.017992 seconds .

========================================================================
Received Import Request.
  Time since last request: 994.379501 seconds.
  path: Assets/Scenes/Game.unity
  artifactKey: Guid(9fc0d4010bbf28b4594072e72b8655ab) Importer(815301076,1909f56bfc062723c751e8b465ee728b)
Start importing Assets/Scenes/Game.unity using Guid(9fc0d4010bbf28b4594072e72b8655ab) Importer(815301076,1909f56bfc062723c751e8b465ee728b)  -> (artifact id: '7a0957877e5f240bd4905e69fdab9fa1') in 0.003575 seconds
  Import took 0.010736 seconds .

========================================================================
Received Prepare
Registering precompiled user dll's ...
Registered in 0.000879 seconds.
Begin MonoManager ReloadAssembly
Native extension for WindowsStandalone target not found
Refreshing native plugins compatible for Editor in 0.21 ms, found 0 plugins.
Preloading 0 native plugins for Editor in 0.00 ms.
Invoked RoslynAnalysisRunner static constructor.
RoslynAnalysisRunner will not be running.
RoslynAnalysisRunner has terminated.
Mono: successfully reloaded assembly
- Completed reload, in  0.749 seconds
Platform modules already initialized, skipping
Refreshing native plugins compatible for Editor in 0.34 ms, found 0 plugins.
Preloading 0 native plugins for Editor in 0.00 ms.
Unloading 1226 Unused Serialized files (Serialized files now loaded: 0)
System memory in use before: 70.3 MB.
System memory in use after: 68.7 MB.

Unloading 32 unused Assets to reduce memory usage. Loaded Objects now: 1724.
Total: 3.123500 ms (FindLiveObjects: 0.251000 ms CreateObjectMapping: 0.083700 ms MarkObjects: 2.128800 ms  DeleteObjects: 0.658500 ms)

========================================================================
Received Prepare
Registering precompiled user dll's ...
Registered in 0.000635 seconds.
Begin MonoManager ReloadAssembly
Native extension for WindowsStandalone target not found
Refreshing native plugins compatible for Editor in 0.23 ms, found 0 plugins.
Preloading 0 native plugins for Editor in 0.00 ms.
Invoked RoslynAnalysisRunner static constructor.
RoslynAnalysisRunner will not be running.
RoslynAnalysisRunner has terminated.
Mono: successfully reloaded assembly
- Completed reload, in  0.691 seconds
Platform modules already initialized, skipping
Refreshing native plugins compatible for Editor in 0.32 ms, found 0 plugins.
Preloading 0 native plugins for Editor in 0.00 ms.
Unloading 1226 Unused Serialized files (Serialized files now loaded: 0)
System memory in use before: 70.4 MB.
System memory in use after: 68.9 MB.

Unloading 32 unused Assets to reduce memory usage. Loaded Objects now: 1726.
Total: 3.235500 ms (FindLiveObjects: 0.326200 ms CreateObjectMapping: 0.060200 ms MarkObjects: 1.914700 ms  DeleteObjects: 0.930900 ms)

========================================================================
Received Prepare
Registering precompiled user dll's ...
Registered in 0.000647 seconds.
Begin MonoManager ReloadAssembly
Native extension for WindowsStandalone target not found
Refreshing native plugins compatible for Editor in 0.21 ms, found 0 plugins.
Preloading 0 native plugins for Editor in 0.00 ms.
Invoked RoslynAnalysisRunner static constructor.
RoslynAnalysisRunner will not be running.
RoslynAnalysisRunner has terminated.
Mono: successfully reloaded assembly
- Completed reload, in  0.669 seconds
Platform modules already initialized, skipping
Refreshing native plugins compatible for Editor in 0.38 ms, found 0 plugins.
Preloading 0 native plugins for Editor in 0.00 ms.
Unloading 1226 Unused Serialized files (Serialized files now loaded: 0)
System memory in use before: 70.4 MB.
System memory in use after: 68.9 MB.

Unloading 32 unused Assets to reduce memory usage. Loaded Objects now: 1728.
Total: 2.716200 ms (FindLiveObjects: 0.178100 ms CreateObjectMapping: 0.059200 ms MarkObjects: 1.581500 ms  DeleteObjects: 0.896000 ms)

========================================================================
Received Import Request.
  Time since last request: 202.565220 seconds.
  path: Assets/Prefabs/Rocket Textured.prefab
  artifactKey: Guid(33fcd922297fc0a4e9a04648d7e9884c) Importer(815301076,1909f56bfc062723c751e8b465ee728b)
Start importing Assets/Prefabs/Rocket Textured.prefab using Guid(33fcd922297fc0a4e9a04648d7e9884c) Importer(815301076,1909f56bfc062723c751e8b465ee728b)  -> (artifact id: '8fcd259a3b0de32296bb1072a21f2138') in 0.060146 seconds
  Import took 0.067206 seconds .

========================================================================
Received Import Request.
  Time since last request: 255.932862 seconds.
  path: Assets/Prefabs/Rocket Textured.prefab
  artifactKey: Guid(33fcd922297fc0a4e9a04648d7e9884c) Importer(815301076,1909f56bfc062723c751e8b465ee728b)
Start importing Assets/Prefabs/Rocket Textured.prefab using Guid(33fcd922297fc0a4e9a04648d7e9884c) Importer(815301076,1909f56bfc062723c751e8b465ee728b)  -> (artifact id: '95b3f37511ea28eb2aa4a71fa10c77b0') in 0.013065 seconds
  Import took 0.015794 seconds .

========================================================================
Received Prepare
Registering precompiled user dll's ...
Registered in 0.000546 seconds.
Begin MonoManager ReloadAssembly
Native extension for WindowsStandalone target not found
Refreshing native plugins compatible for Editor in 0.22 ms, found 0 plugins.
Preloading 0 native plugins for Editor in 0.00 ms.
Invoked RoslynAnalysisRunner static constructor.
RoslynAnalysisRunner will not be running.
RoslynAnalysisRunner has terminated.
Mono: successfully reloaded assembly
- Completed reload, in  0.669 seconds
Platform modules already initialized, skipping
Refreshing native plugins compatible for Editor in 0.34 ms, found 0 plugins.
Preloading 0 native plugins for Editor in 0.00 ms.
Unloading 1226 Unused Serialized files (Serialized files now loaded: 0)
System memory in use before: 70.5 MB.
System memory in use after: 68.9 MB.

Unloading 33 unused Assets to reduce memory usage. Loaded Objects now: 1731.
Total: 2.518100 ms (FindLiveObjects: 0.316200 ms CreateObjectMapping: 0.079500 ms MarkObjects: 1.513600 ms  DeleteObjects: 0.607300 ms)

AssetImportWorkerClient::OnTransportError - code=2 error=End of file
